2026-04-27 03:25:14 - __main__ - INFO - Starting Multi-Index Options Data Lake Builder
2026-04-27 03:25:14 - utilities.config_loader - INFO - Config validation passed
2026-04-27 03:25:14 - utilities.config_loader - INFO - Config loaded from config.yaml
2026-04-27 03:25:52 - modules.data_lake_manager - INFO - Data lake initialized at data_lake
2026-04-27 03:25:52 - modules.progress_tracker - INFO - Progress tracker initialized with sqlite backend
2026-04-27 03:25:52 - modules.missing_data_tracker - INFO - Missing data tracker initialized at data_lake\metadata\missing_data
2026-04-27 03:25:52 - modules.data_lake_builder - INFO - Data lake builder initialized
2026-04-27 03:25:52 - modules.instrument_master - INFO - Downloading instrument master...
2026-04-27 03:26:10 - modules.instrument_master - INFO - Downloaded 197258 instruments. Saved to data_lake\cache\instrument_master.csv
2026-04-27 03:26:10 - modules.data_lake_builder - INFO - Prepared 31 tokens for NIFTY
2026-04-27 03:26:10 - __main__ - INFO - Found 31 tokens to download
2026-04-27 03:26:10 - modules.data_lake_builder - INFO - Processing 1/31: NIFTY24DEC2919500CE
2026-04-27 03:26:10 - modules.data_lake_builder - ERROR - Error downloading token 55600: time data '24DEC2029' does not match format '%Y-%m-%d'
2026-04-27 03:26:10 - modules.data_lake_builder - INFO - Processing 2/31: NIFTY24DEC2931500CE
2026-04-27 03:26:10 - modules.data_lake_builder - ERROR - Error downloading token 55608: time data '24DEC2029' does not match format '%Y-%m-%d'
2026-04-27 03:26:10 - modules.data_lake_builder - INFO - Processing 3/31: NIFTY24DEC2921000CE
2026-04-27 03:26:10 - modules.data_lake_builder - ERROR - Error downloading token 61659: time data '24DEC2029' does not match format '%Y-%m-%d'
2026-04-27 03:26:10 - modules.data_lake_builder - INFO - Processing 4/31: NIFTY24DEC2922500CE
2026-04-27 03:26:10 - modules.data_lake_builder - ERROR - Error downloading token 55602: time data '24DEC2029' does not match format '%Y-%m-%d'
2026-04-27 03:26:10 - modules.data_lake_builder - INFO - Processing 5/31: NIFTY24DEC2933000CE
2026-04-27 03:26:10 - modules.data_lake_builder - ERROR - Error downloading token 62006: time data '24DEC2029' does not match format '%Y-%m-%d'
2026-04-27 03:26:10 - modules.data_lake_builder - INFO - Processing 6/31: NIFTY24DEC2927000CE
2026-04-27 03:26:10 - modules.data_lake_builder - ERROR - Error downloading token 61794: time data '24DEC2029' does not match format '%Y-%m-%d'
2026-04-27 03:26:10 - modules.data_lake_builder - INFO - Processing 7/31: NIFTY24DEC2928500CE
2026-04-27 03:26:10 - modules.data_lake_builder - ERROR - Error downloading token 55606: time data '24DEC2029' does not match format '%Y-%m-%d'
2026-04-27 03:26:10 - modules.data_lake_builder - INFO - Processing 8/31: NIFTY24DEC2930000CE
2026-04-27 03:26:10 - modules.data_lake_builder - ERROR - Error downloading token 61932: time data '24DEC2029' does not match format '%Y-%m-%d'
2026-04-27 03:26:10 - modules.data_lake_builder - INFO - Processing 9/31: NIFTY24DEC2925500CE
2026-04-27 03:26:10 - modules.data_lake_builder - ERROR - Error downloading token 55604: time data '24DEC2029' does not match format '%Y-%m-%d'
2026-04-27 03:26:10 - modules.data_lake_builder - INFO - Processing 10/31: NIFTY24DEC2934500CE
2026-04-27 03:26:10 - modules.data_lake_builder - ERROR - Error downloading token 55610: time data '24DEC2029' does not match format '%Y-%m-%d'
2026-04-27 03:26:10 - modules.data_lake_builder - INFO - Processing 11/31: NIFTY24DEC2915000CE
2026-04-27 03:26:10 - modules.data_lake_builder - ERROR - Error downloading token 61374: time data '24DEC2029' does not match format '%Y-%m-%d'
2026-04-27 03:26:10 - modules.data_lake_builder - INFO - Processing 12/31: NIFTY24DEC2916500CE
2026-04-27 03:26:10 - modules.data_lake_builder - ERROR - Error downloading token 55598: time data '24DEC2029' does not match format '%Y-%m-%d'
2026-04-27 03:26:10 - modules.data_lake_builder - INFO - Processing 13/31: NIFTY24DEC2918000CE
2026-04-27 03:26:10 - modules.data_lake_builder - ERROR - Error downloading token 61390: time data '24DEC2029' does not match format '%Y-%m-%d'
2026-04-27 03:26:10 - modules.data_lake_builder - INFO - Processing 14/31: NIFTY24DEC2924000CE
2026-04-27 03:26:10 - modules.data_lake_builder - ERROR - Error downloading token 61748: time data '24DEC2029' does not match format '%Y-%m-%d'
2026-04-27 03:26:10 - modules.data_lake_builder - INFO - Processing 15/31: NIFTY24DEC2915000PE
2026-04-27 03:26:10 - modules.data_lake_builder - ERROR - Error downloading token 61375: time data '24DEC2029' does not match format '%Y-%m-%d'
2026-04-27 03:26:10 - modules.data_lake_builder - INFO - Processing 16/31: NIFTY24DEC2918000PE
2026-04-27 03:26:10 - modules.data_lake_builder - ERROR - Error downloading token 61391: time data '24DEC2029' does not match format '%Y-%m-%d'
2026-04-27 03:26:10 - modules.data_lake_builder - INFO - Processing 17/31: NIFTY24DEC2921000PE
2026-04-27 03:26:10 - modules.data_lake_builder - ERROR - Error downloading token 61660: time data '24DEC2029' does not match format '%Y-%m-%d'
2026-04-27 03:26:10 - modules.data_lake_builder - INFO - Processing 18/31: NIFTY24DEC2933000PE
2026-04-27 03:26:10 - modules.data_lake_builder - ERROR - Error downloading token 62007: time data '24DEC2029' does not match format '%Y-%m-%d'
2026-04-27 03:26:10 - modules.data_lake_builder - INFO - Processing 19/31: NIFTY24DEC2925500PE
2026-04-27 03:26:10 - modules.data_lake_builder - ERROR - Error downloading token 55605: time data '24DEC2029' does not match format '%Y-%m-%d'
2026-04-27 03:26:10 - modules.data_lake_builder - INFO - Processing 20/31: NIFTY24DEC2930000PE
2026-04-27 03:26:10 - modules.data_lake_builder - ERROR - Error downloading token 61933: time data '24DEC2029' does not match format '%Y-%m-%d'
2026-04-27 03:26:10 - modules.data_lake_builder - INFO - Processing 21/31: NIFTY24DEC2919500PE
2026-04-27 03:26:10 - modules.data_lake_builder - ERROR - Error downloading token 55601: time data '24DEC2029' does not match format '%Y-%m-%d'
2026-04-27 03:26:10 - modules.data_lake_builder - INFO - Processing 22/31: NIFTY24DEC2934500PE
2026-04-27 03:26:10 - modules.data_lake_builder - ERROR - Error downloading token 55611: time data '24DEC2029' does not match format '%Y-%m-%d'
2026-04-27 03:26:10 - modules.data_lake_builder - INFO - Processing 23/31: NIFTY24DEC2927000PE
2026-04-27 03:26:10 - modules.data_lake_builder - ERROR - Error downloading token 61795: time data '24DEC2029' does not match format '%Y-%m-%d'
2026-04-27 03:26:10 - modules.data_lake_builder - INFO - Processing 24/31: NIFTY24DEC2922500PE
2026-04-27 03:26:10 - modules.data_lake_builder - ERROR - Error downloading token 55603: time data '24DEC2029' does not match format '%Y-%m-%d'
2026-04-27 03:26:10 - modules.data_lake_builder - INFO - Processing 25/31: NIFTY24DEC2925000PE
2026-04-27 03:26:10 - modules.data_lake_builder - ERROR - Error downloading token 61773: time data '24DEC2029' does not match format '%Y-%m-%d'
2026-04-27 03:26:10 - modules.data_lake_builder - INFO - Processing 26/31: NIFTY24DEC2926000PE
2026-04-27 03:26:10 - modules.data_lake_builder - ERROR - Error downloading token 61779: time data '24DEC2029' does not match format '%Y-%m-%d'
2026-04-27 03:26:11 - modules.data_lake_builder - INFO - Processing 27/31: NIFTY24DEC2916500PE
2026-04-27 03:26:11 - modules.data_lake_builder - ERROR - Error downloading token 55599: time data '24DEC2029' does not match format '%Y-%m-%d'
2026-04-27 03:26:11 - modules.data_lake_builder - INFO - Processing 28/31: NIFTY24DEC2924000PE
2026-04-27 03:26:11 - modules.data_lake_builder - ERROR - Error downloading token 61749: time data '24DEC2029' does not match format '%Y-%m-%d'
2026-04-27 03:26:11 - modules.data_lake_builder - INFO - Processing 29/31: NIFTY24DEC2928500PE
2026-04-27 03:26:11 - modules.data_lake_builder - ERROR - Error downloading token 55607: time data '24DEC2029' does not match format '%Y-%m-%d'
2026-04-27 03:26:11 - modules.data_lake_builder - INFO - Processing 30/31: NIFTY24DEC2931500PE
2026-04-27 03:26:11 - modules.data_lake_builder - ERROR - Error downloading token 55609: time data '24DEC2029' does not match format '%Y-%m-%d'
2026-04-27 03:26:11 - modules.data_lake_builder - INFO - Processing 31/31: NIFTY24DEC2923000PE
2026-04-27 03:26:11 - modules.data_lake_builder - ERROR - Error downloading token 61747: time data '24DEC2029' does not match format '%Y-%m-%d'
2026-04-27 03:26:11 - modules.data_lake_builder - INFO - Download complete: {'total_tokens': 31, 'successful': 0, 'partial': 0, 'failed': 31, 'skipped': 0, 'total_records_downloaded': 0}
2026-04-27 03:26:45 - modules.data_lake_manager - INFO - Data lake initialized at data_lake
2026-04-27 03:26:45 - modules.progress_tracker - INFO - Progress tracker initialized with sqlite backend
2026-04-27 03:26:45 - modules.missing_data_tracker - INFO - Missing data tracker initialized at data_lake\metadata\missing_data
2026-04-27 03:26:45 - modules.data_lake_builder - INFO - Data lake builder initialized
2026-04-27 03:26:45 - modules.instrument_master - INFO - Loading instrument master from cache (updated: 2026-04-27 03:26:10)
2026-04-27 03:26:45 - modules.data_lake_builder - INFO - Prepared 31 tokens for NIFTY
2026-04-27 03:26:45 - __main__ - INFO - Found 31 tokens to download
2026-04-27 03:26:45 - modules.data_lake_builder - INFO - Processing 1/31: NIFTY24DEC2919500CE
2026-04-27 03:26:45 - modules.progress_tracker - ERROR - Error retrieving progress: ProgressRecord.__init__() got an unexpected keyword argument 'id'
2026-04-27 03:26:45 - modules.data_lake_builder - ERROR - Error downloading token 55600: time data '24DEC2029' does not match format '%Y-%m-%d'
2026-04-27 03:26:45 - modules.data_lake_builder - INFO - Processing 2/31: NIFTY24DEC2931500CE
2026-04-27 03:26:45 - modules.progress_tracker - ERROR - Error retrieving progress: ProgressRecord.__init__() got an unexpected keyword argument 'id'
2026-04-27 03:26:45 - modules.data_lake_builder - ERROR - Error downloading token 55608: time data '24DEC2029' does not match format '%Y-%m-%d'
2026-04-27 03:26:45 - modules.data_lake_builder - INFO - Processing 3/31: NIFTY24DEC2921000CE
2026-04-27 03:26:45 - modules.progress_tracker - ERROR - Error retrieving progress: ProgressRecord.__init__() got an unexpected keyword argument 'id'
2026-04-27 03:26:45 - modules.data_lake_builder - ERROR - Error downloading token 61659: time data '24DEC2029' does not match format '%Y-%m-%d'
2026-04-27 03:26:45 - modules.data_lake_builder - INFO - Processing 4/31: NIFTY24DEC2922500CE
2026-04-27 03:26:45 - modules.progress_tracker - ERROR - Error retrieving progress: ProgressRecord.__init__() got an unexpected keyword argument 'id'
2026-04-27 03:26:45 - modules.data_lake_builder - ERROR - Error downloading token 55602: time data '24DEC2029' does not match format '%Y-%m-%d'
2026-04-27 03:26:45 - modules.data_lake_builder - INFO - Processing 5/31: NIFTY24DEC2933000CE
2026-04-27 03:26:45 - modules.progress_tracker - ERROR - Error retrieving progress: ProgressRecord.__init__() got an unexpected keyword argument 'id'
2026-04-27 03:26:45 - modules.data_lake_builder - ERROR - Error downloading token 62006: time data '24DEC2029' does not match format '%Y-%m-%d'
2026-04-27 03:26:45 - modules.data_lake_builder - INFO - Processing 6/31: NIFTY24DEC2927000CE
2026-04-27 03:26:45 - modules.progress_tracker - ERROR - Error retrieving progress: ProgressRecord.__init__() got an unexpected keyword argument 'id'
2026-04-27 03:26:45 - modules.data_lake_builder - ERROR - Error downloading token 61794: time data '24DEC2029' does not match format '%Y-%m-%d'
2026-04-27 03:26:45 - modules.data_lake_builder - INFO - Processing 7/31: NIFTY24DEC2928500CE
2026-04-27 03:26:45 - modules.progress_tracker - ERROR - Error retrieving progress: ProgressRecord.__init__() got an unexpected keyword argument 'id'
2026-04-27 03:26:45 - modules.data_lake_builder - ERROR - Error downloading token 55606: time data '24DEC2029' does not match format '%Y-%m-%d'
2026-04-27 03:26:45 - modules.data_lake_builder - INFO - Processing 8/31: NIFTY24DEC2930000CE
2026-04-27 03:26:45 - modules.progress_tracker - ERROR - Error retrieving progress: ProgressRecord.__init__() got an unexpected keyword argument 'id'
2026-04-27 03:26:45 - modules.data_lake_builder - ERROR - Error downloading token 61932: time data '24DEC2029' does not match format '%Y-%m-%d'
2026-04-27 03:26:45 - modules.data_lake_builder - INFO - Processing 9/31: NIFTY24DEC2925500CE
2026-04-27 03:26:45 - modules.progress_tracker - ERROR - Error retrieving progress: ProgressRecord.__init__() got an unexpected keyword argument 'id'
2026-04-27 03:26:45 - modules.data_lake_builder - ERROR - Error downloading token 55604: time data '24DEC2029' does not match format '%Y-%m-%d'
2026-04-27 03:26:45 - modules.data_lake_builder - INFO - Processing 10/31: NIFTY24DEC2934500CE
2026-04-27 03:26:45 - modules.progress_tracker - ERROR - Error retrieving progress: ProgressRecord.__init__() got an unexpected keyword argument 'id'
2026-04-27 03:26:45 - modules.data_lake_builder - ERROR - Error downloading token 55610: time data '24DEC2029' does not match format '%Y-%m-%d'
2026-04-27 03:26:45 - modules.data_lake_builder - INFO - Processing 11/31: NIFTY24DEC2915000CE
2026-04-27 03:26:45 - modules.progress_tracker - ERROR - Error retrieving progress: ProgressRecord.__init__() got an unexpected keyword argument 'id'
2026-04-27 03:26:45 - modules.data_lake_builder - ERROR - Error downloading token 61374: time data '24DEC2029' does not match format '%Y-%m-%d'
2026-04-27 03:26:46 - modules.data_lake_builder - INFO - Processing 12/31: NIFTY24DEC2916500CE
2026-04-27 03:26:46 - modules.progress_tracker - ERROR - Error retrieving progress: ProgressRecord.__init__() got an unexpected keyword argument 'id'
2026-04-27 03:26:46 - modules.data_lake_builder - ERROR - Error downloading token 55598: time data '24DEC2029' does not match format '%Y-%m-%d'
2026-04-27 03:26:46 - modules.data_lake_builder - INFO - Processing 13/31: NIFTY24DEC2918000CE
2026-04-27 03:26:46 - modules.progress_tracker - ERROR - Error retrieving progress: ProgressRecord.__init__() got an unexpected keyword argument 'id'
2026-04-27 03:26:46 - modules.data_lake_builder - ERROR - Error downloading token 61390: time data '24DEC2029' does not match format '%Y-%m-%d'
2026-04-27 03:26:46 - modules.data_lake_builder - INFO - Processing 14/31: NIFTY24DEC2924000CE
2026-04-27 03:26:46 - modules.progress_tracker - ERROR - Error retrieving progress: ProgressRecord.__init__() got an unexpected keyword argument 'id'
2026-04-27 03:26:46 - modules.data_lake_builder - ERROR - Error downloading token 61748: time data '24DEC2029' does not match format '%Y-%m-%d'
2026-04-27 03:26:46 - modules.data_lake_builder - INFO - Processing 15/31: NIFTY24DEC2915000PE
2026-04-27 03:26:46 - modules.progress_tracker - ERROR - Error retrieving progress: ProgressRecord.__init__() got an unexpected keyword argument 'id'
2026-04-27 03:26:46 - modules.data_lake_builder - ERROR - Error downloading token 61375: time data '24DEC2029' does not match format '%Y-%m-%d'
2026-04-27 03:26:46 - modules.data_lake_builder - INFO - Processing 16/31: NIFTY24DEC2918000PE
2026-04-27 03:26:46 - modules.progress_tracker - ERROR - Error retrieving progress: ProgressRecord.__init__() got an unexpected keyword argument 'id'
2026-04-27 03:26:46 - modules.data_lake_builder - ERROR - Error downloading token 61391: time data '24DEC2029' does not match format '%Y-%m-%d'
2026-04-27 03:26:46 - modules.data_lake_builder - INFO - Processing 17/31: NIFTY24DEC2921000PE
2026-04-27 03:26:46 - modules.progress_tracker - ERROR - Error retrieving progress: ProgressRecord.__init__() got an unexpected keyword argument 'id'
2026-04-27 03:26:46 - modules.data_lake_builder - ERROR - Error downloading token 61660: time data '24DEC2029' does not match format '%Y-%m-%d'
2026-04-27 03:26:46 - modules.data_lake_builder - INFO - Processing 18/31: NIFTY24DEC2933000PE
2026-04-27 03:26:46 - modules.progress_tracker - ERROR - Error retrieving progress: ProgressRecord.__init__() got an unexpected keyword argument 'id'
2026-04-27 03:26:46 - modules.data_lake_builder - ERROR - Error downloading token 62007: time data '24DEC2029' does not match format '%Y-%m-%d'
2026-04-27 03:26:46 - modules.data_lake_builder - INFO - Processing 19/31: NIFTY24DEC2925500PE
2026-04-27 03:26:46 - modules.progress_tracker - ERROR - Error retrieving progress: ProgressRecord.__init__() got an unexpected keyword argument 'id'
2026-04-27 03:26:46 - modules.data_lake_builder - ERROR - Error downloading token 55605: time data '24DEC2029' does not match format '%Y-%m-%d'
2026-04-27 03:26:46 - modules.data_lake_builder - INFO - Processing 20/31: NIFTY24DEC2930000PE
2026-04-27 03:26:46 - modules.progress_tracker - ERROR - Error retrieving progress: ProgressRecord.__init__() got an unexpected keyword argument 'id'
2026-04-27 03:26:46 - modules.data_lake_builder - ERROR - Error downloading token 61933: time data '24DEC2029' does not match format '%Y-%m-%d'
2026-04-27 03:26:46 - modules.data_lake_builder - INFO - Processing 21/31: NIFTY24DEC2919500PE
2026-04-27 03:26:46 - modules.progress_tracker - ERROR - Error retrieving progress: ProgressRecord.__init__() got an unexpected keyword argument 'id'
2026-04-27 03:26:46 - modules.data_lake_builder - ERROR - Error downloading token 55601: time data '24DEC2029' does not match format '%Y-%m-%d'
2026-04-27 03:26:46 - modules.data_lake_builder - INFO - Processing 22/31: NIFTY24DEC2934500PE
2026-04-27 03:26:46 - modules.progress_tracker - ERROR - Error retrieving progress: ProgressRecord.__init__() got an unexpected keyword argument 'id'
2026-04-27 03:26:46 - modules.data_lake_builder - ERROR - Error downloading token 55611: time data '24DEC2029' does not match format '%Y-%m-%d'
2026-04-27 03:26:46 - modules.data_lake_builder - INFO - Processing 23/31: NIFTY24DEC2927000PE
2026-04-27 03:26:46 - modules.progress_tracker - ERROR - Error retrieving progress: ProgressRecord.__init__() got an unexpected keyword argument 'id'
2026-04-27 03:26:46 - modules.data_lake_builder - ERROR - Error downloading token 61795: time data '24DEC2029' does not match format '%Y-%m-%d'
2026-04-27 03:26:46 - modules.data_lake_builder - INFO - Processing 24/31: NIFTY24DEC2922500PE
2026-04-27 03:26:46 - modules.progress_tracker - ERROR - Error retrieving progress: ProgressRecord.__init__() got an unexpected keyword argument 'id'
2026-04-27 03:26:46 - modules.data_lake_builder - ERROR - Error downloading token 55603: time data '24DEC2029' does not match format '%Y-%m-%d'
2026-04-27 03:26:46 - modules.data_lake_builder - INFO - Processing 25/31: NIFTY24DEC2925000PE
2026-04-27 03:26:46 - modules.progress_tracker - ERROR - Error retrieving progress: ProgressRecord.__init__() got an unexpected keyword argument 'id'
2026-04-27 03:26:46 - modules.data_lake_builder - ERROR - Error downloading token 61773: time data '24DEC2029' does not match format '%Y-%m-%d'
2026-04-27 03:26:46 - modules.data_lake_builder - INFO - Processing 26/31: NIFTY24DEC2926000PE
2026-04-27 03:26:46 - modules.progress_tracker - ERROR - Error retrieving progress: ProgressRecord.__init__() got an unexpected keyword argument 'id'
2026-04-27 03:26:46 - modules.data_lake_builder - ERROR - Error downloading token 61779: time data '24DEC2029' does not match format '%Y-%m-%d'
2026-04-27 03:26:46 - modules.data_lake_builder - INFO - Processing 27/31: NIFTY24DEC2916500PE
2026-04-27 03:26:46 - modules.progress_tracker - ERROR - Error retrieving progress: ProgressRecord.__init__() got an unexpected keyword argument 'id'
2026-04-27 03:26:46 - modules.data_lake_builder - ERROR - Error downloading token 55599: time data '24DEC2029' does not match format '%Y-%m-%d'
2026-04-27 03:26:46 - modules.data_lake_builder - INFO - Processing 28/31: NIFTY24DEC2924000PE
2026-04-27 03:26:46 - modules.progress_tracker - ERROR - Error retrieving progress: ProgressRecord.__init__() got an unexpected keyword argument 'id'
2026-04-27 03:26:46 - modules.data_lake_builder - ERROR - Error downloading token 61749: time data '24DEC2029' does not match format '%Y-%m-%d'
2026-04-27 03:26:46 - modules.data_lake_builder - INFO - Processing 29/31: NIFTY24DEC2928500PE
2026-04-27 03:26:46 - modules.progress_tracker - ERROR - Error retrieving progress: ProgressRecord.__init__() got an unexpected keyword argument 'id'
2026-04-27 03:26:46 - modules.data_lake_builder - ERROR - Error downloading token 55607: time data '24DEC2029' does not match format '%Y-%m-%d'
2026-04-27 03:26:46 - modules.data_lake_builder - INFO - Processing 30/31: NIFTY24DEC2931500PE
2026-04-27 03:26:46 - modules.progress_tracker - ERROR - Error retrieving progress: ProgressRecord.__init__() got an unexpected keyword argument 'id'
2026-04-27 03:26:46 - modules.data_lake_builder - ERROR - Error downloading token 55609: time data '24DEC2029' does not match format '%Y-%m-%d'
2026-04-27 03:26:46 - modules.data_lake_builder - INFO - Processing 31/31: NIFTY24DEC2923000PE
2026-04-27 03:26:46 - modules.progress_tracker - ERROR - Error retrieving progress: ProgressRecord.__init__() got an unexpected keyword argument 'id'
2026-04-27 03:26:46 - modules.data_lake_builder - ERROR - Error downloading token 61747: time data '24DEC2029' does not match format '%Y-%m-%d'
2026-04-27 03:26:46 - modules.data_lake_builder - INFO - Download complete: {'total_tokens': 31, 'successful': 0, 'partial': 0, 'failed': 31, 'skipped': 0, 'total_records_downloaded': 0}
2026-04-27 03:26:59 - __main__ - INFO - Starting Multi-Index Options Data Lake Builder
2026-04-27 03:26:59 - utilities.config_loader - INFO - Config validation passed
2026-04-27 03:26:59 - utilities.config_loader - INFO - Config loaded from config.yaml
2026-04-27 03:27:25 - modules.data_lake_manager - INFO - Data lake initialized at data_lake
2026-04-27 03:27:25 - __main__ - ERROR - Query failed: 'Namespace' object has no attribute 'index'
2026-04-27 03:27:54 - modules.data_lake_manager - INFO - Data lake initialized at data_lake
2026-04-27 03:27:54 - __main__ - ERROR - Query failed: 'Namespace' object has no attribute 'index'
2026-04-27 03:28:26 - __main__ - INFO - Starting Multi-Index Options Data Lake Builder
2026-04-27 03:28:26 - utilities.config_loader - INFO - Config validation passed
2026-04-27 03:28:26 - utilities.config_loader - INFO - Config loaded from config.yaml
2026-04-27 03:28:28 - modules.data_lake_manager - INFO - Data lake initialized at data_lake
2026-04-27 03:28:28 - modules.progress_tracker - INFO - Progress tracker initialized with sqlite backend
2026-04-27 03:28:28 - modules.missing_data_tracker - INFO - Missing data tracker initialized at data_lake\metadata\missing_data
2026-04-27 03:28:28 - modules.data_lake_builder - INFO - Data lake builder initialized
2026-04-27 03:28:28 - modules.instrument_master - INFO - Loading instrument master from cache (updated: 2026-04-27 03:26:10)
2026-04-27 03:28:29 - modules.data_lake_builder - INFO - Prepared 31 tokens for NIFTY
2026-04-27 03:28:29 - cli - INFO - Found 31 tokens to download
2026-04-27 03:28:29 - modules.data_lake_builder - INFO - Processing 1/31: NIFTY24DEC2919500CE
2026-04-27 03:28:29 - modules.progress_tracker - ERROR - Error retrieving progress: ProgressRecord.__init__() got an unexpected keyword argument 'id'
2026-04-27 03:28:29 - modules.data_lake_builder - ERROR - Error downloading token 55600: time data '24DEC2029' does not match format '%Y-%m-%d'
2026-04-27 03:28:29 - modules.data_lake_builder - INFO - Processing 2/31: NIFTY24DEC2931500CE
2026-04-27 03:28:29 - modules.progress_tracker - ERROR - Error retrieving progress: ProgressRecord.__init__() got an unexpected keyword argument 'id'
2026-04-27 03:28:29 - modules.data_lake_builder - ERROR - Error downloading token 55608: time data '24DEC2029' does not match format '%Y-%m-%d'
2026-04-27 03:28:29 - modules.data_lake_builder - INFO - Processing 3/31: NIFTY24DEC2921000CE
2026-04-27 03:28:29 - modules.progress_tracker - ERROR - Error retrieving progress: ProgressRecord.__init__() got an unexpected keyword argument 'id'
2026-04-27 03:28:29 - modules.data_lake_builder - ERROR - Error downloading token 61659: time data '24DEC2029' does not match format '%Y-%m-%d'
2026-04-27 03:28:29 - modules.data_lake_builder - INFO - Processing 4/31: NIFTY24DEC2922500CE
2026-04-27 03:28:29 - modules.progress_tracker - ERROR - Error retrieving progress: ProgressRecord.__init__() got an unexpected keyword argument 'id'
2026-04-27 03:28:29 - modules.data_lake_builder - ERROR - Error downloading token 55602: time data '24DEC2029' does not match format '%Y-%m-%d'
2026-04-27 03:28:29 - modules.data_lake_builder - INFO - Processing 5/31: NIFTY24DEC2933000CE
2026-04-27 03:28:29 - modules.progress_tracker - ERROR - Error retrieving progress: ProgressRecord.__init__() got an unexpected keyword argument 'id'
2026-04-27 03:28:29 - modules.data_lake_builder - ERROR - Error downloading token 62006: time data '24DEC2029' does not match format '%Y-%m-%d'
2026-04-27 03:28:29 - modules.data_lake_builder - INFO - Processing 6/31: NIFTY24DEC2927000CE
2026-04-27 03:28:29 - modules.progress_tracker - ERROR - Error retrieving progress: ProgressRecord.__init__() got an unexpected keyword argument 'id'
2026-04-27 03:28:29 - modules.data_lake_builder - ERROR - Error downloading token 61794: time data '24DEC2029' does not match format '%Y-%m-%d'
2026-04-27 03:28:29 - modules.data_lake_builder - INFO - Processing 7/31: NIFTY24DEC2928500CE
2026-04-27 03:28:29 - modules.progress_tracker - ERROR - Error retrieving progress: ProgressRecord.__init__() got an unexpected keyword argument 'id'
2026-04-27 03:28:29 - modules.data_lake_builder - ERROR - Error downloading token 55606: time data '24DEC2029' does not match format '%Y-%m-%d'
2026-04-27 03:28:29 - modules.data_lake_builder - INFO - Processing 8/31: NIFTY24DEC2930000CE
2026-04-27 03:28:29 - modules.progress_tracker - ERROR - Error retrieving progress: ProgressRecord.__init__() got an unexpected keyword argument 'id'
2026-04-27 03:28:29 - modules.data_lake_builder - ERROR - Error downloading token 61932: time data '24DEC2029' does not match format '%Y-%m-%d'
2026-04-27 03:28:29 - modules.data_lake_builder - INFO - Processing 9/31: NIFTY24DEC2925500CE
2026-04-27 03:28:29 - modules.progress_tracker - ERROR - Error retrieving progress: ProgressRecord.__init__() got an unexpected keyword argument 'id'
2026-04-27 03:28:29 - modules.data_lake_builder - ERROR - Error downloading token 55604: time data '24DEC2029' does not match format '%Y-%m-%d'
2026-04-27 03:28:29 - modules.data_lake_builder - INFO - Processing 10/31: NIFTY24DEC2934500CE
2026-04-27 03:28:29 - modules.progress_tracker - ERROR - Error retrieving progress: ProgressRecord.__init__() got an unexpected keyword argument 'id'
2026-04-27 03:28:29 - modules.data_lake_builder - ERROR - Error downloading token 55610: time data '24DEC2029' does not match format '%Y-%m-%d'
2026-04-27 03:28:29 - modules.data_lake_builder - INFO - Processing 11/31: NIFTY24DEC2915000CE
2026-04-27 03:28:29 - modules.progress_tracker - ERROR - Error retrieving progress: ProgressRecord.__init__() got an unexpected keyword argument 'id'
2026-04-27 03:28:29 - modules.data_lake_builder - ERROR - Error downloading token 61374: time data '24DEC2029' does not match format '%Y-%m-%d'
2026-04-27 03:28:29 - modules.data_lake_builder - INFO - Processing 12/31: NIFTY24DEC2916500CE
2026-04-27 03:28:29 - modules.progress_tracker - ERROR - Error retrieving progress: ProgressRecord.__init__() got an unexpected keyword argument 'id'
2026-04-27 03:28:29 - modules.data_lake_builder - ERROR - Error downloading token 55598: time data '24DEC2029' does not match format '%Y-%m-%d'
2026-04-27 03:28:29 - modules.data_lake_builder - INFO - Processing 13/31: NIFTY24DEC2918000CE
2026-04-27 03:28:29 - modules.progress_tracker - ERROR - Error retrieving progress: ProgressRecord.__init__() got an unexpected keyword argument 'id'
2026-04-27 03:28:29 - modules.data_lake_builder - ERROR - Error downloading token 61390: time data '24DEC2029' does not match format '%Y-%m-%d'
2026-04-27 03:28:29 - modules.data_lake_builder - INFO - Processing 14/31: NIFTY24DEC2924000CE
2026-04-27 03:28:29 - modules.progress_tracker - ERROR - Error retrieving progress: ProgressRecord.__init__() got an unexpected keyword argument 'id'
2026-04-27 03:28:29 - modules.data_lake_builder - ERROR - Error downloading token 61748: time data '24DEC2029' does not match format '%Y-%m-%d'
2026-04-27 03:28:29 - modules.data_lake_builder - INFO - Processing 15/31: NIFTY24DEC2915000PE
2026-04-27 03:28:29 - modules.progress_tracker - ERROR - Error retrieving progress: ProgressRecord.__init__() got an unexpected keyword argument 'id'
2026-04-27 03:28:29 - modules.data_lake_builder - ERROR - Error downloading token 61375: time data '24DEC2029' does not match format '%Y-%m-%d'
2026-04-27 03:28:29 - modules.data_lake_builder - INFO - Processing 16/31: NIFTY24DEC2918000PE
2026-04-27 03:28:29 - modules.progress_tracker - ERROR - Error retrieving progress: ProgressRecord.__init__() got an unexpected keyword argument 'id'
2026-04-27 03:28:29 - modules.data_lake_builder - ERROR - Error downloading token 61391: time data '24DEC2029' does not match format '%Y-%m-%d'
2026-04-27 03:28:29 - modules.data_lake_builder - INFO - Processing 17/31: NIFTY24DEC2921000PE
2026-04-27 03:28:29 - modules.progress_tracker - ERROR - Error retrieving progress: ProgressRecord.__init__() got an unexpected keyword argument 'id'
2026-04-27 03:28:29 - modules.data_lake_builder - ERROR - Error downloading token 61660: time data '24DEC2029' does not match format '%Y-%m-%d'
2026-04-27 03:28:29 - modules.data_lake_builder - INFO - Processing 18/31: NIFTY24DEC2933000PE
2026-04-27 03:28:29 - modules.progress_tracker - ERROR - Error retrieving progress: ProgressRecord.__init__() got an unexpected keyword argument 'id'
2026-04-27 03:28:29 - modules.data_lake_builder - ERROR - Error downloading token 62007: time data '24DEC2029' does not match format '%Y-%m-%d'
2026-04-27 03:28:29 - modules.data_lake_builder - INFO - Processing 19/31: NIFTY24DEC2925500PE
2026-04-27 03:28:29 - modules.progress_tracker - ERROR - Error retrieving progress: ProgressRecord.__init__() got an unexpected keyword argument 'id'
2026-04-27 03:28:29 - modules.data_lake_builder - ERROR - Error downloading token 55605: time data '24DEC2029' does not match format '%Y-%m-%d'
2026-04-27 03:28:29 - modules.data_lake_builder - INFO - Processing 20/31: NIFTY24DEC2930000PE
2026-04-27 03:28:29 - modules.progress_tracker - ERROR - Error retrieving progress: ProgressRecord.__init__() got an unexpected keyword argument 'id'
2026-04-27 03:28:29 - modules.data_lake_builder - ERROR - Error downloading token 61933: time data '24DEC2029' does not match format '%Y-%m-%d'
2026-04-27 03:28:29 - modules.data_lake_builder - INFO - Processing 21/31: NIFTY24DEC2919500PE
2026-04-27 03:28:29 - modules.progress_tracker - ERROR - Error retrieving progress: ProgressRecord.__init__() got an unexpected keyword argument 'id'
2026-04-27 03:28:29 - modules.data_lake_builder - ERROR - Error downloading token 55601: time data '24DEC2029' does not match format '%Y-%m-%d'
2026-04-27 03:28:29 - modules.data_lake_builder - INFO - Processing 22/31: NIFTY24DEC2934500PE
2026-04-27 03:28:29 - modules.progress_tracker - ERROR - Error retrieving progress: ProgressRecord.__init__() got an unexpected keyword argument 'id'
2026-04-27 03:28:29 - modules.data_lake_builder - ERROR - Error downloading token 55611: time data '24DEC2029' does not match format '%Y-%m-%d'
2026-04-27 03:28:29 - modules.data_lake_builder - INFO - Processing 23/31: NIFTY24DEC2927000PE
2026-04-27 03:28:29 - modules.progress_tracker - ERROR - Error retrieving progress: ProgressRecord.__init__() got an unexpected keyword argument 'id'
2026-04-27 03:28:29 - modules.data_lake_builder - ERROR - Error downloading token 61795: time data '24DEC2029' does not match format '%Y-%m-%d'
2026-04-27 03:28:29 - modules.data_lake_builder - INFO - Processing 24/31: NIFTY24DEC2922500PE
2026-04-27 03:28:29 - modules.progress_tracker - ERROR - Error retrieving progress: ProgressRecord.__init__() got an unexpected keyword argument 'id'
2026-04-27 03:28:29 - modules.data_lake_builder - ERROR - Error downloading token 55603: time data '24DEC2029' does not match format '%Y-%m-%d'
2026-04-27 03:28:29 - modules.data_lake_builder - INFO - Processing 25/31: NIFTY24DEC2925000PE
2026-04-27 03:28:29 - modules.progress_tracker - ERROR - Error retrieving progress: ProgressRecord.__init__() got an unexpected keyword argument 'id'
2026-04-27 03:28:29 - modules.data_lake_builder - ERROR - Error downloading token 61773: time data '24DEC2029' does not match format '%Y-%m-%d'
2026-04-27 03:28:29 - modules.data_lake_builder - INFO - Processing 26/31: NIFTY24DEC2926000PE
2026-04-27 03:28:29 - modules.progress_tracker - ERROR - Error retrieving progress: ProgressRecord.__init__() got an unexpected keyword argument 'id'
2026-04-27 03:28:29 - modules.data_lake_builder - ERROR - Error downloading token 61779: time data '24DEC2029' does not match format '%Y-%m-%d'
2026-04-27 03:28:29 - modules.data_lake_builder - INFO - Processing 27/31: NIFTY24DEC2916500PE
2026-04-27 03:28:29 - modules.progress_tracker - ERROR - Error retrieving progress: ProgressRecord.__init__() got an unexpected keyword argument 'id'
2026-04-27 03:28:29 - modules.data_lake_builder - ERROR - Error downloading token 55599: time data '24DEC2029' does not match format '%Y-%m-%d'
2026-04-27 03:28:29 - modules.data_lake_builder - INFO - Processing 28/31: NIFTY24DEC2924000PE
2026-04-27 03:28:29 - modules.progress_tracker - ERROR - Error retrieving progress: ProgressRecord.__init__() got an unexpected keyword argument 'id'
2026-04-27 03:28:29 - modules.data_lake_builder - ERROR - Error downloading token 61749: time data '24DEC2029' does not match format '%Y-%m-%d'
2026-04-27 03:28:29 - modules.data_lake_builder - INFO - Processing 29/31: NIFTY24DEC2928500PE
2026-04-27 03:28:29 - modules.progress_tracker - ERROR - Error retrieving progress: ProgressRecord.__init__() got an unexpected keyword argument 'id'
2026-04-27 03:28:29 - modules.data_lake_builder - ERROR - Error downloading token 55607: time data '24DEC2029' does not match format '%Y-%m-%d'
2026-04-27 03:28:29 - modules.data_lake_builder - INFO - Processing 30/31: NIFTY24DEC2931500PE
2026-04-27 03:28:29 - modules.progress_tracker - ERROR - Error retrieving progress: ProgressRecord.__init__() got an unexpected keyword argument 'id'
2026-04-27 03:28:29 - modules.data_lake_builder - ERROR - Error downloading token 55609: time data '24DEC2029' does not match format '%Y-%m-%d'
2026-04-27 03:28:29 - modules.data_lake_builder - INFO - Processing 31/31: NIFTY24DEC2923000PE
2026-04-27 03:28:29 - modules.progress_tracker - ERROR - Error retrieving progress: ProgressRecord.__init__() got an unexpected keyword argument 'id'
2026-04-27 03:28:29 - modules.data_lake_builder - ERROR - Error downloading token 61747: time data '24DEC2029' does not match format '%Y-%m-%d'
2026-04-27 03:28:29 - modules.data_lake_builder - INFO - Download complete: {'total_tokens': 31, 'successful': 0, 'partial': 0, 'failed': 31, 'skipped': 0, 'total_records_downloaded': 0}
2026-04-27 03:28:41 - __main__ - INFO - Starting Multi-Index Options Data Lake Builder
2026-04-27 03:28:41 - utilities.config_loader - INFO - Config validation passed
2026-04-27 03:28:41 - utilities.config_loader - INFO - Config loaded from config.yaml
2026-04-27 03:28:41 - modules.data_lake_manager - INFO - Data lake initialized at data_lake
2026-04-27 03:28:41 - modules.progress_tracker - INFO - Progress tracker initialized with sqlite backend
2026-04-27 03:28:41 - modules.missing_data_tracker - INFO - Missing data tracker initialized at data_lake\metadata\missing_data
2026-04-27 03:28:57 - __main__ - INFO - Starting Multi-Index Options Data Lake Builder
2026-04-27 03:28:57 - utilities.config_loader - INFO - Config validation passed
2026-04-27 03:28:57 - utilities.config_loader - INFO - Config loaded from config.yaml
2026-04-27 03:28:57 - modules.data_lake_manager - INFO - Data lake initialized at data_lake
2026-04-27 03:28:57 - modules.query_engine - WARNING - No data found for NIFTY 2025-11-04 23000.0CE ONE_MINUTE
